

> globalx-money-client@0.1.0 build
> next build --turbopack

[1G[0K   [1m[38;2;173;127;168m▲ Next.js 15.5.4[39m[22m (Turbopack)
   - Environments: .env
   - Experiments (use with caution):
     [1m✓[22m authInterrupts

 [37m[1m [22m[39m Creating an optimized production build ...
 ⚠ Found lockfile missing swc dependencies, patching...
error This project's package.json defines "packageManager": "yarn@npm@10.9.0". However the current global version of Yarn is 1.22.22.

Presence of the "packageManager" field indicates that the project is meant to be used with Corepack, a tool included by default with all official Node.js distributions starting from 16.9 and 14.19.
Corepack must currently be enabled by running corepack enable in your terminal. For more information, check out https://yarnpkg.com/corepack.
error This project's package.json defines "packageManager": "yarn@npm@10.9.0". However the current global version of Yarn is 1.22.22.

Presence of the "packageManager" field indicates that the project is meant to be used with Corepack, a tool included by default with all official Node.js distributions starting from 16.9 and 14.19.
Corepack must currently be enabled by running corepack enable in your terminal. For more information, check out https://yarnpkg.com/corepack.
error This project's package.json defines "packageManager": "yarn@npm@10.9.0". However the current global version of Yarn is 1.22.22.

Presence of the "packageManager" field indicates that the project is meant to be used with Corepack, a tool included by default with all official Node.js distributions starting from 16.9 and 14.19.
Corepack must currently be enabled by running corepack enable in your terminal. For more information, check out https://yarnpkg.com/corepack.
error This project's package.json defines "packageManager": "yarn@npm@10.9.0". However the current global version of Yarn is 1.22.22.

Presence of the "packageManager" field indicates that the project is meant to be used with Corepack, a tool included by default with all official Node.js distributions starting from 16.9 and 14.19.
Corepack must currently be enabled by running corepack enable in your terminal. For more information, check out https://yarnpkg.com/corepack.
error This project's package.json defines "packageManager": "yarn@npm@10.9.0". However the current global version of Yarn is 1.22.22.

Presence of the "packageManager" field indicates that the project is meant to be used with Corepack, a tool included by default with all official Node.js distributions starting from 16.9 and 14.19.
Corepack must currently be enabled by running corepack enable in your terminal. For more information, check out https://yarnpkg.com/corepack.
error This project's package.json defines "packageManager": "yarn@npm@10.9.0". However the current global version of Yarn is 1.22.22.

Presence of the "packageManager" field indicates that the project is meant to be used with Corepack, a tool included by default with all official Node.js distributions starting from 16.9 and 14.19.
Corepack must currently be enabled by running corepack enable in your terminal. For more information, check out https://yarnpkg.com/corepack.
error This project's package.json defines "packageManager": "yarn@npm@10.9.0". However the current global version of Yarn is 1.22.22.

Presence of the "packageManager" field indicates that the project is meant to be used with Corepack, a tool included by default with all official Node.js distributions starting from 16.9 and 14.19.
Corepack must currently be enabled by running corepack enable in your terminal. For more information, check out https://yarnpkg.com/corepack.
 ⨯ Failed to patch lockfile, please try uninstalling and reinstalling next in this workspace
[Error: Failed to get registry from "yarn".] {
  [cause]: [Error: Command failed: yarn config get registry 
  error This project's package.json defines "packageManager": "yarn@npm@10.9.0". However the current global version of Yarn is 1.22.22.
  
  Presence of the "packageManager" field indicates that the project is meant to be used with Corepack, a tool included by default with all official Node.js distributions starting from 16.9 and 14.19.
  Corepack must currently be enabled by running corepack enable in your terminal. For more information, check out https://yarnpkg.com/corepack.
  ] {
    status: 1,
    signal: null,
    output: [
      null,
      <Buffer >,
      <Buffer 65 72 72 6f 72 20 54 68 69 73 20 70 72 6f 6a 65 63 74 27 73 20 70 61 63 6b 61 67 65 2e 6a 73 6f 6e 20 64 65 66 69 6e 65 73 20 22 70 61 63 6b 61 67 65 ... 425 more bytes>
    ],
    pid: 87590,
    stdout: <Buffer >,
    stderr: <Buffer 65 72 72 6f 72 20 54 68 69 73 20 70 72 6f 6a 65 63 74 27 73 20 70 61 63 6b 61 67 65 2e 6a 73 6f 6e 20 64 65 66 69 6e 65 73 20 22 70 61 63 6b 61 67 65 ... 425 more bytes>
  }
}
 ✓ Finished writing to disk in 206ms
 [32m[1m✓[22m[39m Compiled successfully in 14.9s
[?25l [37m[1m [22m[39m Linting and checking validity of types  [36m.[39m[2K[1G [37m[1m [22m[39m Linting and checking validity of types  [36m..[39m[2K[1G [37m[1m [22m[39m Linting and checking validity of types  [36m...[39m[2K[1G [37m[1m [22m[39m Linting and checking validity of types  [36m.[39m[2K[1G [37m[1m [22m[39m Linting and checking validity of types  [36m..[39m[2K[1G [37m[1m [22m[39m Linting and checking validity of types  [36m...[39m[2K[1G [37m[1m [22m[39m Linting and checking validity of types  [36m.[39m[2K[1G [37m[1m [22m[39m Linting and checking validity of types  [36m..[39m[2K[1G [37m[1m [22m[39m Linting and checking validity of types  [36m...[39m[2K[1G [37m[1m [22m[39m Linting and checking validity of types  [36m.[39m[2K[1G [37m[1m [22m[39m Linting and checking validity of types  [36m..[39m[2K[1G [37m[1m [22m[39m Linting and checking validity of types  [36m...[39m[2K[1G[?25h [37m[1m [22m[39m Linting and checking validity of types     [32m[1m✓[22m[39m Linting and checking validity of types 
[?25l [37m[1m [22m[39m Collecting page data  [36m.[39m[2K[1G[?25h [33m[1m⚠[22m[39m Found lockfile missing swc dependencies, patching...
[?25l [36m.[39m error This project's package.json defines "packageManager": "yarn@npm@10.9.0". However the current global version of Yarn is 1.22.22.

Presence of the "packageManager" field indicates that the project is meant to be used with Corepack, a tool included by default with all official Node.js distributions starting from 16.9 and 14.19.
Corepack must currently be enabled by running corepack enable in your terminal. For more information, check out https://yarnpkg.com/corepack.
error This project's package.json defines "packageManager": "yarn@npm@10.9.0". However the current global version of Yarn is 1.22.22.

Presence of the "packageManager" field indicates that the project is meant to be used with Corepack, a tool included by default with all official Node.js distributions starting from 16.9 and 14.19.
Corepack must currently be enabled by running corepack enable in your terminal. For more information, check out https://yarnpkg.com/corepack.
error This project's package.json defines "packageManager": "yarn@npm@10.9.0". However the current global version of Yarn is 1.22.22.

Presence of the "packageManager" field indicates that the project is meant to be used with Corepack, a tool included by default with all official Node.js distributions starting from 16.9 and 14.19.
Corepack must currently be enabled by running corepack enable in your terminal. For more information, check out https://yarnpkg.com/corepack.
error This project's package.json defines "packageManager": "yarn@npm@10.9.0". However the current global version of Yarn is 1.22.22.

Presence of the "packageManager" field indicates that the project is meant to be used with Corepack, a tool included by default with all official Node.js distributions starting from 16.9 and 14.19.
Corepack must currently be enabled by running corepack enable in your terminal. For more information, check out https://yarnpkg.com/corepack.
error This project's package.json defines "packageManager": "yarn@npm@10.9.0". However the current global version of Yarn is 1.22.22.

Presence of the "packageManager" field indicates that the project is meant to be used with Corepack, a tool included by default with all official Node.js distributions starting from 16.9 and 14.19.
Corepack must currently be enabled by running corepack enable in your terminal. For more information, check out https://yarnpkg.com/corepack.
error This project's package.json defines "packageManager": "yarn@npm@10.9.0". However the current global version of Yarn is 1.22.22.

Presence of the "packageManager" field indicates that the project is meant to be used with Corepack, a tool included by default with all official Node.js distributions starting from 16.9 and 14.19.
Corepack must currently be enabled by running corepack enable in your terminal. For more information, check out https://yarnpkg.com/corepack.
error This project's package.json defines "packageManager": "yarn@npm@10.9.0". However the current global version of Yarn is 1.22.22.

Presence of the "packageManager" field indicates that the project is meant to be used with Corepack, a tool included by default with all official Node.js distributions starting from 16.9 and 14.19.
Corepack must currently be enabled by running corepack enable in your terminal. For more information, check out https://yarnpkg.com/corepack.
[2K[1G[?25h [31m[1m⨯[22m[39m Failed to patch lockfile, please try uninstalling and reinstalling next in this workspace
[?25l [36m.[39m [2K[1G[?25h[Error: Failed to get registry from "yarn".] {
  [cause]: [Error: Command failed: yarn config get registry 
  error This project's package.json defines "packageManager": "yarn@npm@10.9.0". However the current global version of Yarn is 1.22.22.
  
  Presence of the "packageManager" field indicates that the project is meant to be used with Corepack, a tool included by default with all official Node.js distributions starting from 16.9 and 14.19.
  Corepack must currently be enabled by running corepack enable in your terminal. For more information, check out https://yarnpkg.com/corepack.
  ] {
    status: [33m1[39m,
    signal: [1mnull[22m,
    output: [
      [1mnull[22m,
      <Buffer >,
      <Buffer 65 72 72 6f 72 20 54 68 69 73 20 70 72 6f 6a 65 63 74 27 73 20 70 61 63 6b 61 67 65 2e 6a 73 6f 6e 20 64 65 66 69 6e 65 73 20 22 70 61 63 6b 61 67 65 ... 425 more bytes>
    ],
    pid: [33m87695[39m,
    stdout: <Buffer >,
    stderr: <Buffer 65 72 72 6f 72 20 54 68 69 73 20 70 72 6f 6a 65 63 74 27 73 20 70 61 63 6b 61 67 65 2e 6a 73 6f 6e 20 64 65 66 69 6e 65 73 20 22 70 61 63 6b 61 67 65 ... 425 more bytes>
  }
}
[?25l [36m.[39m [2K[1G[?25h    [32m[1m✓[22m[39m Collecting page data 
[?25l [37m[1m [22m[39m Generating static pages (0/13)  [36m[    ][39m[2K[1G [37m[1m [22m[39m Generating static pages (0/13)  [36m[=   ][39m[2K[1G [37m[1m [22m[39m Generating static pages (0/13)  [36m[==  ][39m[2K[1G[?25h[TypeError: Cannot read properties of null (reading 'useContext')]
Error occurred prerendering page "/404". Read more: https://nextjs.org/docs/messages/prerender-error
[TypeError: Cannot read properties of null (reading 'useContext')]
Export encountered an error on /_error: /404, exiting the build.
 [31m[1m⨯[22m[39m Next.js build worker exited with code: 1 and signal: null
[?25h[1G[0K⠙[1G[0K[1mnpm[22m [31merror[39m Lifecycle script `build` failed with error:
[1G[0K⠙[1G[0K[1mnpm[22m [31merror[39m [94mcode[39m [33m1[39m
[1G[0K⠙[1G[0K[1mnpm[22m [31merror[39m [94mpath[39m /Users/kunal/Documents/NextJSProjects/project-py/apps/client
[1G[0K⠙[1G[0K[1mnpm[22m [31merror[39m [94mworkspace[39m globalx-money-client@0.1.0
[1G[0K⠙[1G[0K[1mnpm[22m [31merror[39m [94mlocation[39m /Users/kunal/Documents/NextJSProjects/project-py/apps/client
[1G[0K⠙[1G[0K[1mnpm[22m [31merror[39m command failed
[1G[0K⠙[1G[0K[1mnpm[22m [31merror[39m [94mcommand[39m sh -c next build --turbopack
[1G[0K⠙[1G[0K
